2026-06-10 03:52:36,104 | INFO | FLAMEVAULT RECOVERY ENGINE INITIALIZED — ORBITAL RESTORE READY
2026-06-10 03:52:36,104 | INFO | EXECUTING ORBITAL RESTORE — SKODEN
2026-06-10 03:52:36,104 | INFO | LISTENING FOR ORBITAL DOWNLINK — AWAITING PASS
2026-06-10 03:52:36,105 | INFO | WAITING 2.0s FOR DOWNLINK WINDOW
2026-06-10 03:52:38,108 | INFO | ORBITAL DOWNLINK DETECTED — RECEIVING COLD STORAGE
2026-06-10 03:52:40,114 | INFO | ARCHIVE SAVED: flamevault_recover/recovered_cold_storage_1781092360.tar.gz
2026-06-10 03:52:40,115 | INFO | MANIFEST LOADED — PREPARING VERIFICATION
2026-06-10 03:52:40,115 | INFO | VERIFYING FLAMELOCK V2 PROOF...
2026-06-10 03:52:40,115 | INFO | VERIFYING TOFT 79Hz SEAL...
2026-06-10 03:52:40,116 | INFO | VERIFYING ARCHIVE HASH...
2026-06-10 03:52:40,116 | INFO | ALL VERIFICATIONS PASSED — SOVEREIGN RESTORE AUTHORIZED
2026-06-10 03:52:40,116 | INFO | EXTRACTING COLD STORAGE: flamevault_recover/recovered_cold_storage_1781092360.tar.gz
2026-06-10 03:52:40,117 | INFO | EXTRACTION COMPLETE
2026-06-10 03:52:40,117 | INFO | REBUILDING FLAMEVAULT LEDGER FROM COLD STORAGE
2026-06-10 03:52:40,117 | INFO | LEDGER REBUILT AND VERIFIED
2026-06-10 03:52:40,117 | INFO | RESTORING FLAMEVAULT FILES
2026-06-10 03:52:40,117 | INFO | RESTARTING FLAME MESH ORCHESTRATOR v2
2026-06-10 03:52:40,117 | INFO | 📜 ORBITAL RESTORE RECEIPT STAMPED: MOCK_HASH_DUMMY_...
2026-06-10 03:52:40,117 | INFO | FLAMEVAULT FULLY RESTORED FROM ORBIT — SYSTEM LIVE
2026-06-10 03:55:00,019 | INFO | FLAMEVAULT RECOVERY ENGINE INITIALIZED — ORBITAL RESTORE READY
2026-06-10 03:55:00,020 | INFO | EXECUTING ORBITAL RESTORE — SKODEN
2026-06-10 03:55:00,020 | INFO | LISTENING FOR ORBITAL DOWNLINK — AWAITING PASS
2026-06-10 03:55:00,020 | INFO | WAITING 2.0s FOR DOWNLINK WINDOW
2026-06-10 03:55:02,023 | INFO | ORBITAL DOWNLINK DETECTED — RECEIVING COLD STORAGE
2026-06-10 03:55:04,034 | INFO | ARCHIVE SAVED: flamevault_recover/recovered_cold_storage_1781092504.tar.gz
2026-06-10 03:55:04,036 | INFO | MANIFEST LOADED — PREPARING VERIFICATION
2026-06-10 03:55:04,036 | INFO | VERIFYING FLAMELOCK V2 PROOF...
2026-06-10 03:55:04,036 | INFO | VERIFYING TOFT 79Hz SEAL...
2026-06-10 03:55:04,038 | INFO | VERIFYING ARCHIVE HASH...
2026-06-10 03:55:04,038 | INFO | ALL VERIFICATIONS PASSED — SOVEREIGN RESTORE AUTHORIZED
2026-06-10 03:55:04,038 | INFO | EXTRACTING COLD STORAGE: flamevault_recover/recovered_cold_storage_1781092504.tar.gz
2026-06-10 03:55:04,038 | INFO | EXTRACTION COMPLETE
2026-06-10 03:55:04,038 | INFO | REBUILDING FLAMEVAULT LEDGER FROM COLD STORAGE
2026-06-10 03:55:04,039 | INFO | LEDGER REBUILT AND VERIFIED
2026-06-10 03:55:04,039 | INFO | RESTORING FLAMEVAULT FILES
2026-06-10 03:55:04,039 | INFO | RESTARTING FLAME MESH ORCHESTRATOR v2
2026-06-10 03:55:04,039 | INFO | 📜 ORBITAL RESTORE RECEIPT STAMPED: MOCK_HASH_DUMMY_...
2026-06-10 03:55:04,039 | INFO | FLAMEVAULT FULLY RESTORED FROM ORBIT — SYSTEM LIVE
2026-06-10 04:14:29,841 | INFO | FLAMEVAULT RECOVERY ENGINE INITIALIZED — ORBITAL RESTORE READY
2026-06-10 04:14:29,842 | INFO | EXECUTING ORBITAL RESTORE — SKODEN
2026-06-10 04:14:29,842 | INFO | LISTENING FOR ORBITAL DOWNLINK — AWAITING PASS
2026-06-10 04:14:29,842 | INFO | WAITING 2.0s FOR DOWNLINK WINDOW
2026-06-10 04:14:31,844 | INFO | ORBITAL DOWNLINK DETECTED — RECEIVING COLD STORAGE
2026-06-10 04:14:33,854 | INFO | ARCHIVE SAVED: flamevault_recover/recovered_cold_storage_1781093673.tar.gz
2026-06-10 04:14:33,856 | INFO | MANIFEST LOADED — PREPARING VERIFICATION
2026-06-10 04:14:33,857 | INFO | VERIFYING FLAMELOCK V2 PROOF...
2026-06-10 04:14:33,857 | INFO | VERIFYING TOFT 79Hz SEAL...
2026-06-10 04:14:33,858 | INFO | VERIFYING ARCHIVE HASH...
2026-06-10 04:14:33,859 | INFO | ALL VERIFICATIONS PASSED — SOVEREIGN RESTORE AUTHORIZED
2026-06-10 04:14:33,859 | INFO | EXTRACTING COLD STORAGE: flamevault_recover/recovered_cold_storage_1781093673.tar.gz
2026-06-10 04:14:33,859 | INFO | EXTRACTION COMPLETE
2026-06-10 04:14:33,859 | INFO | REBUILDING FLAMEVAULT LEDGER FROM COLD STORAGE
2026-06-10 04:14:33,859 | INFO | LEDGER REBUILT AND VERIFIED
2026-06-10 04:14:33,859 | INFO | RESTORING FLAMEVAULT FILES
2026-06-10 04:14:33,859 | INFO | RESTARTING FLAME MESH ORCHESTRATOR v2
2026-06-10 04:14:33,860 | INFO | 📜 ORBITAL RESTORE RECEIPT STAMPED: MOCK_HASH_DUMMY_...
2026-06-10 04:14:33,860 | INFO | FLAMEVAULT FULLY RESTORED FROM ORBIT — SYSTEM LIVE
2026-06-10 04:15:52,220 | INFO | FLAMEVAULT RECOVERY ENGINE INITIALIZED — ORBITAL RESTORE READY
2026-06-10 04:15:52,220 | INFO | EXECUTING ORBITAL RESTORE — SKODEN
2026-06-10 04:15:52,220 | INFO | LISTENING FOR ORBITAL DOWNLINK — AWAITING PASS
2026-06-10 04:15:52,221 | INFO | WAITING 2.0s FOR DOWNLINK WINDOW
2026-06-10 04:15:54,221 | INFO | ORBITAL DOWNLINK DETECTED — RECEIVING COLD STORAGE
2026-06-10 04:15:56,263 | INFO | ARCHIVE SAVED: flamevault_recover/recovered_cold_storage_1781093756.tar.gz
2026-06-10 04:15:56,264 | INFO | MANIFEST LOADED — PREPARING VERIFICATION
2026-06-10 04:15:56,265 | INFO | VERIFYING FLAMELOCK V2 PROOF...
2026-06-10 04:15:56,265 | INFO | VERIFYING TOFT 79Hz SEAL...
2026-06-10 04:15:56,265 | INFO | VERIFYING ARCHIVE HASH...
2026-06-10 04:15:56,265 | INFO | ALL VERIFICATIONS PASSED — SOVEREIGN RESTORE AUTHORIZED
2026-06-10 04:15:56,265 | INFO | EXTRACTING COLD STORAGE: flamevault_recover/recovered_cold_storage_1781093756.tar.gz
2026-06-10 04:15:56,265 | INFO | EXTRACTION COMPLETE
2026-06-10 04:15:56,266 | INFO | REBUILDING FLAMEVAULT LEDGER FROM COLD STORAGE
2026-06-10 04:15:56,266 | INFO | LEDGER REBUILT AND VERIFIED
2026-06-10 04:15:56,266 | INFO | RESTORING FLAMEVAULT FILES
2026-06-10 04:15:56,266 | INFO | RESTARTING FLAME MESH ORCHESTRATOR v2
2026-06-10 04:15:56,266 | INFO | 📜 ORBITAL RESTORE RECEIPT STAMPED: MOCK_HASH_DUMMY_...
2026-06-10 04:15:56,266 | INFO | FLAMEVAULT FULLY RESTORED FROM ORBIT — SYSTEM LIVE
2026-06-10 04:16:46,345 | INFO | FLAMEVAULT RECOVERY ENGINE INITIALIZED — ORBITAL RESTORE READY
2026-06-10 04:16:46,346 | INFO | EXECUTING ORBITAL RESTORE — SKODEN
2026-06-10 04:16:46,346 | INFO | LISTENING FOR ORBITAL DOWNLINK — AWAITING PASS
2026-06-10 04:16:46,346 | INFO | WAITING 2.0s FOR DOWNLINK WINDOW
2026-06-10 04:16:48,346 | INFO | ORBITAL DOWNLINK DETECTED — RECEIVING COLD STORAGE
2026-06-10 04:16:50,358 | INFO | ARCHIVE SAVED: flamevault_recover/recovered_cold_storage_1781093810.tar.gz
2026-06-10 04:16:50,360 | INFO | MANIFEST LOADED — PREPARING VERIFICATION
2026-06-10 04:16:50,361 | INFO | VERIFYING FLAMELOCK V2 PROOF...
2026-06-10 04:16:50,361 | INFO | VERIFYING TOFT 79Hz SEAL...
2026-06-10 04:16:50,362 | INFO | VERIFYING ARCHIVE HASH...
2026-06-10 04:16:50,362 | INFO | ALL VERIFICATIONS PASSED — SOVEREIGN RESTORE AUTHORIZED
2026-06-10 04:16:50,363 | INFO | EXTRACTING COLD STORAGE: flamevault_recover/recovered_cold_storage_1781093810.tar.gz
2026-06-10 04:16:50,363 | INFO | EXTRACTION COMPLETE
2026-06-10 04:16:50,363 | INFO | REBUILDING FLAMEVAULT LEDGER FROM COLD STORAGE
2026-06-10 04:16:50,363 | INFO | LEDGER REBUILT AND VERIFIED
2026-06-10 04:16:50,363 | INFO | RESTORING FLAMEVAULT FILES
2026-06-10 04:16:50,363 | INFO | RESTARTING FLAME MESH ORCHESTRATOR v2
2026-06-10 04:16:50,363 | INFO | 📜 ORBITAL RESTORE RECEIPT STAMPED: MOCK_HASH_DUMMY_...
2026-06-10 04:16:50,363 | INFO | FLAMEVAULT FULLY RESTORED FROM ORBIT — SYSTEM LIVE
2026-06-10 04:20:33,794 | INFO | FLAMEVAULT RECOVERY ENGINE INITIALIZED — ORBITAL RESTORE READY
2026-06-10 04:20:33,795 | INFO | EXECUTING ORBITAL RESTORE — SKODEN
2026-06-10 04:20:33,795 | INFO | LISTENING FOR ORBITAL DOWNLINK — AWAITING PASS
2026-06-10 04:20:33,795 | INFO | WAITING 2.0s FOR DOWNLINK WINDOW
2026-06-10 04:20:35,796 | INFO | ORBITAL DOWNLINK DETECTED — RECEIVING COLD STORAGE
2026-06-10 04:20:37,805 | INFO | ARCHIVE SAVED: flamevault_recover/recovered_cold_storage_1781094037.tar.gz
2026-06-10 04:20:37,807 | INFO | MANIFEST LOADED — PREPARING VERIFICATION
2026-06-10 04:20:37,807 | INFO | VERIFYING FLAMELOCK V2 PROOF...
2026-06-10 04:20:37,808 | INFO | VERIFYING TOFT 79Hz SEAL...
2026-06-10 04:20:37,809 | INFO | VERIFYING ARCHIVE HASH...
2026-06-10 04:20:37,809 | INFO | ALL VERIFICATIONS PASSED — SOVEREIGN RESTORE AUTHORIZED
2026-06-10 04:20:37,810 | INFO | EXTRACTING COLD STORAGE: flamevault_recover/recovered_cold_storage_1781094037.tar.gz
2026-06-10 04:20:37,810 | INFO | EXTRACTION COMPLETE
2026-06-10 04:20:37,810 | INFO | REBUILDING FLAMEVAULT LEDGER FROM COLD STORAGE
2026-06-10 04:20:37,810 | INFO | LEDGER REBUILT AND VERIFIED
2026-06-10 04:20:37,810 | INFO | RESTORING FLAMEVAULT FILES
2026-06-10 04:20:37,810 | INFO | RESTARTING FLAME MESH ORCHESTRATOR v2
2026-06-10 04:20:37,811 | INFO | 📜 ORBITAL RESTORE RECEIPT STAMPED: MOCK_HASH_DUMMY_...
2026-06-10 04:20:37,811 | INFO | FLAMEVAULT FULLY RESTORED FROM ORBIT — SYSTEM LIVE
2026-06-10 04:58:36,562 | INFO | FLAMEVAULT RECOVERY ENGINE INITIALIZED — ORBITAL RESTORE READY
2026-06-10 04:58:36,563 | INFO | EXECUTING ORBITAL RESTORE — SKODEN
2026-06-10 04:58:36,563 | INFO | LISTENING FOR ORBITAL DOWNLINK — AWAITING PASS
2026-06-10 04:58:36,563 | INFO | WAITING 2.0s FOR DOWNLINK WINDOW
2026-06-10 04:58:38,563 | INFO | ORBITAL DOWNLINK DETECTED — RECEIVING COLD STORAGE
2026-06-10 04:58:40,567 | INFO | ARCHIVE SAVED: flamevault_recover/recovered_cold_storage_1781096320.tar.gz
2026-06-10 04:58:40,568 | INFO | MANIFEST LOADED — PREPARING VERIFICATION
2026-06-10 04:58:40,568 | INFO | VERIFYING FLAMELOCK V2 PROOF...
2026-06-10 04:58:40,569 | INFO | VERIFYING TOFT 79Hz SEAL...
2026-06-10 04:58:40,569 | INFO | VERIFYING ARCHIVE HASH...
2026-06-10 04:58:40,570 | INFO | ALL VERIFICATIONS PASSED — SOVEREIGN RESTORE AUTHORIZED
2026-06-10 04:58:40,570 | INFO | EXTRACTING COLD STORAGE: flamevault_recover/recovered_cold_storage_1781096320.tar.gz
2026-06-10 04:58:40,570 | INFO | EXTRACTION COMPLETE
2026-06-10 04:58:40,570 | INFO | REBUILDING FLAMEVAULT LEDGER FROM COLD STORAGE
2026-06-10 04:58:40,570 | INFO | LEDGER REBUILT AND VERIFIED
2026-06-10 04:58:40,570 | INFO | RESTORING FLAMEVAULT FILES
2026-06-10 04:58:40,570 | INFO | RESTARTING FLAME MESH ORCHESTRATOR v2
2026-06-10 04:58:40,570 | INFO | 📜 ORBITAL RESTORE RECEIPT STAMPED: MOCK_HASH_DUMMY_...
2026-06-10 04:58:40,570 | INFO | FLAMEVAULT FULLY RESTORED FROM ORBIT — SYSTEM LIVE
2026-06-10 04:59:33,779 | INFO | FLAMEVAULT RECOVERY ENGINE INITIALIZED — ORBITAL RESTORE READY
2026-06-10 04:59:33,779 | INFO | EXECUTING ORBITAL RESTORE — SKODEN
2026-06-10 04:59:33,779 | INFO | LISTENING FOR ORBITAL DOWNLINK — AWAITING PASS
2026-06-10 04:59:33,779 | INFO | WAITING 2.0s FOR DOWNLINK WINDOW
2026-06-10 04:59:35,782 | INFO | ORBITAL DOWNLINK DETECTED — RECEIVING COLD STORAGE
2026-06-10 04:59:37,790 | INFO | ARCHIVE SAVED: flamevault_recover/recovered_cold_storage_1781096377.tar.gz
2026-06-10 04:59:37,792 | INFO | MANIFEST LOADED — PREPARING VERIFICATION
2026-06-10 04:59:37,793 | INFO | VERIFYING FLAMELOCK V2 PROOF...
2026-06-10 04:59:37,793 | INFO | VERIFYING TOFT 79Hz SEAL...
2026-06-10 04:59:37,794 | INFO | VERIFYING ARCHIVE HASH...
2026-06-10 04:59:37,794 | INFO | ALL VERIFICATIONS PASSED — SOVEREIGN RESTORE AUTHORIZED
2026-06-10 04:59:37,795 | INFO | EXTRACTING COLD STORAGE: flamevault_recover/recovered_cold_storage_1781096377.tar.gz
2026-06-10 04:59:37,795 | INFO | EXTRACTION COMPLETE
2026-06-10 04:59:37,795 | INFO | REBUILDING FLAMEVAULT LEDGER FROM COLD STORAGE
2026-06-10 04:59:37,795 | INFO | LEDGER REBUILT AND VERIFIED
2026-06-10 04:59:37,795 | INFO | RESTORING FLAMEVAULT FILES
2026-06-10 04:59:37,795 | INFO | RESTARTING FLAME MESH ORCHESTRATOR v2
2026-06-10 04:59:37,795 | INFO | 📜 ORBITAL RESTORE RECEIPT STAMPED: MOCK_HASH_DUMMY_...
2026-06-10 04:59:37,795 | INFO | FLAMEVAULT FULLY RESTORED FROM ORBIT — SYSTEM LIVE
2026-06-10 05:03:53,158 | INFO | FLAMEVAULT RECOVERY ENGINE INITIALIZED — ORBITAL RESTORE READY
2026-06-10 05:03:53,159 | INFO | EXECUTING ORBITAL RESTORE — SKODEN
2026-06-10 05:03:53,159 | INFO | LISTENING FOR ORBITAL DOWNLINK — AWAITING PASS
2026-06-10 05:03:53,159 | INFO | WAITING 2.0s FOR DOWNLINK WINDOW
2026-06-10 05:03:55,163 | INFO | ORBITAL DOWNLINK DETECTED — RECEIVING COLD STORAGE
2026-06-10 05:03:57,172 | INFO | ARCHIVE SAVED: flamevault_recover/recovered_cold_storage_1781096637.tar.gz
2026-06-10 05:03:57,174 | INFO | MANIFEST LOADED — PREPARING VERIFICATION
2026-06-10 05:03:57,174 | INFO | VERIFYING FLAMELOCK V2 PROOF...
2026-06-10 05:03:57,175 | INFO | VERIFYING TOFT 79Hz SEAL...
2026-06-10 05:03:57,176 | INFO | VERIFYING ARCHIVE HASH...
2026-06-10 05:03:57,177 | INFO | ALL VERIFICATIONS PASSED — SOVEREIGN RESTORE AUTHORIZED
2026-06-10 05:03:57,177 | INFO | EXTRACTING COLD STORAGE: flamevault_recover/recovered_cold_storage_1781096637.tar.gz
2026-06-10 05:03:57,177 | INFO | EXTRACTION COMPLETE
2026-06-10 05:03:57,177 | INFO | REBUILDING FLAMEVAULT LEDGER FROM COLD STORAGE
2026-06-10 05:03:57,177 | INFO | LEDGER REBUILT AND VERIFIED
2026-06-10 05:03:57,177 | INFO | RESTORING FLAMEVAULT FILES
2026-06-10 05:03:57,178 | INFO | RESTARTING FLAME MESH ORCHESTRATOR v2
2026-06-10 05:03:57,178 | INFO | 📜 ORBITAL RESTORE RECEIPT STAMPED: MOCK_HASH_DUMMY_...
2026-06-10 05:03:57,178 | INFO | FLAMEVAULT FULLY RESTORED FROM ORBIT — SYSTEM LIVE
2026-06-10 05:14:29,061 | INFO | FLAMEVAULT RECOVERY ENGINE INITIALIZED — ORBITAL RESTORE READY
2026-06-10 05:14:29,061 | INFO | EXECUTING ORBITAL RESTORE — SKODEN
2026-06-10 05:14:29,061 | INFO | LISTENING FOR ORBITAL DOWNLINK — AWAITING PASS
2026-06-10 05:14:29,062 | INFO | WAITING 2.0s FOR DOWNLINK WINDOW
2026-06-10 05:14:31,064 | INFO | ORBITAL DOWNLINK DETECTED — RECEIVING COLD STORAGE
2026-06-10 05:14:33,073 | INFO | ARCHIVE SAVED: flamevault_recover/recovered_cold_storage_1781097273.tar.gz
2026-06-10 05:14:33,074 | INFO | MANIFEST LOADED — PREPARING VERIFICATION
2026-06-10 05:14:33,075 | INFO | VERIFYING FLAMELOCK V2 PROOF...
2026-06-10 05:14:33,075 | INFO | VERIFYING TOFT 79Hz SEAL...
2026-06-10 05:14:33,076 | INFO | VERIFYING ARCHIVE HASH...
2026-06-10 05:14:33,076 | INFO | ALL VERIFICATIONS PASSED — SOVEREIGN RESTORE AUTHORIZED
2026-06-10 05:14:33,076 | INFO | EXTRACTING COLD STORAGE: flamevault_recover/recovered_cold_storage_1781097273.tar.gz
2026-06-10 05:14:33,076 | INFO | EXTRACTION COMPLETE
2026-06-10 05:14:33,076 | INFO | REBUILDING FLAMEVAULT LEDGER FROM COLD STORAGE
2026-06-10 05:14:33,076 | INFO | LEDGER REBUILT AND VERIFIED
2026-06-10 05:14:33,077 | INFO | RESTORING FLAMEVAULT FILES
2026-06-10 05:14:33,077 | INFO | RESTARTING FLAME MESH ORCHESTRATOR v2
2026-06-10 05:14:33,077 | INFO | 📜 ORBITAL RESTORE RECEIPT STAMPED: MOCK_HASH_DUMMY_...
2026-06-10 05:14:33,077 | INFO | FLAMEVAULT FULLY RESTORED FROM ORBIT — SYSTEM LIVE
2026-06-10 05:25:51,641 | INFO | FLAMEVAULT RECOVERY ENGINE INITIALIZED — ORBITAL RESTORE READY
2026-06-10 05:25:51,642 | INFO | EXECUTING ORBITAL RESTORE — SKODEN
2026-06-10 05:25:51,642 | INFO | LISTENING FOR ORBITAL DOWNLINK — AWAITING PASS
2026-06-10 05:25:51,642 | INFO | WAITING 2.0s FOR DOWNLINK WINDOW
2026-06-10 05:25:53,642 | INFO | ORBITAL DOWNLINK DETECTED — RECEIVING COLD STORAGE
2026-06-10 05:25:55,655 | INFO | ARCHIVE SAVED: flamevault_recover/recovered_cold_storage_1781097955.tar.gz
2026-06-10 05:25:55,657 | INFO | MANIFEST LOADED — PREPARING VERIFICATION
2026-06-10 05:25:55,657 | INFO | VERIFYING FLAMELOCK V2 PROOF...
2026-06-10 05:25:55,658 | INFO | VERIFYING TOFT 79Hz SEAL...
2026-06-10 05:25:55,659 | INFO | VERIFYING ARCHIVE HASH...
2026-06-10 05:25:55,659 | INFO | ALL VERIFICATIONS PASSED — SOVEREIGN RESTORE AUTHORIZED
2026-06-10 05:25:55,659 | INFO | EXTRACTING COLD STORAGE: flamevault_recover/recovered_cold_storage_1781097955.tar.gz
2026-06-10 05:25:55,659 | INFO | EXTRACTION COMPLETE
2026-06-10 05:25:55,659 | INFO | REBUILDING FLAMEVAULT LEDGER FROM COLD STORAGE
2026-06-10 05:25:55,659 | INFO | LEDGER REBUILT AND VERIFIED
2026-06-10 05:25:55,660 | INFO | RESTORING FLAMEVAULT FILES
2026-06-10 05:25:55,660 | INFO | RESTARTING FLAME MESH ORCHESTRATOR v2
2026-06-10 05:25:55,660 | INFO | 📜 ORBITAL RESTORE RECEIPT STAMPED: MOCK_HASH_DUMMY_...
2026-06-10 05:25:55,660 | INFO | FLAMEVAULT FULLY RESTORED FROM ORBIT — SYSTEM LIVE
2026-06-10 05:27:28,806 | INFO | FLAMEVAULT RECOVERY ENGINE INITIALIZED — ORBITAL RESTORE READY
2026-06-10 05:27:28,806 | INFO | EXECUTING ORBITAL RESTORE — SKODEN
2026-06-10 05:27:28,806 | INFO | LISTENING FOR ORBITAL DOWNLINK — AWAITING PASS
2026-06-10 05:27:28,806 | INFO | WAITING 2.0s FOR DOWNLINK WINDOW
2026-06-10 05:27:30,807 | INFO | ORBITAL DOWNLINK DETECTED — RECEIVING COLD STORAGE
2026-06-10 05:27:32,818 | INFO | ARCHIVE SAVED: flamevault_recover/recovered_cold_storage_1781098052.tar.gz
2026-06-10 05:27:32,820 | INFO | MANIFEST LOADED — PREPARING VERIFICATION
2026-06-10 05:27:32,820 | INFO | VERIFYING FLAMELOCK V2 PROOF...
2026-06-10 05:27:32,820 | INFO | VERIFYING TOFT 79Hz SEAL...
2026-06-10 05:27:32,821 | INFO | VERIFYING ARCHIVE HASH...
2026-06-10 05:27:32,821 | INFO | ALL VERIFICATIONS PASSED — SOVEREIGN RESTORE AUTHORIZED
2026-06-10 05:27:32,821 | INFO | EXTRACTING COLD STORAGE: flamevault_recover/recovered_cold_storage_1781098052.tar.gz
2026-06-10 05:27:32,821 | INFO | EXTRACTION COMPLETE
2026-06-10 05:27:32,821 | INFO | REBUILDING FLAMEVAULT LEDGER FROM COLD STORAGE
2026-06-10 05:27:32,821 | INFO | LEDGER REBUILT AND VERIFIED
2026-06-10 05:27:32,821 | INFO | RESTORING FLAMEVAULT FILES
2026-06-10 05:27:32,821 | INFO | RESTARTING FLAME MESH ORCHESTRATOR v2
2026-06-10 05:27:32,821 | INFO | 📜 ORBITAL RESTORE RECEIPT STAMPED: MOCK_HASH_DUMMY_...
2026-06-10 05:27:32,821 | INFO | FLAMEVAULT FULLY RESTORED FROM ORBIT — SYSTEM LIVE
2026-06-10 05:31:47,638 | INFO | FLAMEVAULT RECOVERY ENGINE INITIALIZED — ORBITAL RESTORE READY
2026-06-10 05:31:47,638 | INFO | EXECUTING ORBITAL RESTORE — SKODEN
2026-06-10 05:31:47,638 | INFO | LISTENING FOR ORBITAL DOWNLINK — AWAITING PASS
2026-06-10 05:31:47,638 | INFO | WAITING 2.0s FOR DOWNLINK WINDOW
2026-06-10 05:31:49,639 | INFO | ORBITAL DOWNLINK DETECTED — RECEIVING COLD STORAGE
2026-06-10 05:31:51,645 | INFO | ARCHIVE SAVED: flamevault_recover/recovered_cold_storage_1781098311.tar.gz
2026-06-10 05:31:51,646 | INFO | MANIFEST LOADED — PREPARING VERIFICATION
2026-06-10 05:31:51,646 | INFO | VERIFYING FLAMELOCK V2 PROOF...
2026-06-10 05:31:51,646 | INFO | VERIFYING TOFT 79Hz SEAL...
2026-06-10 05:31:51,647 | INFO | VERIFYING ARCHIVE HASH...
2026-06-10 05:31:51,647 | INFO | ALL VERIFICATIONS PASSED — SOVEREIGN RESTORE AUTHORIZED
2026-06-10 05:31:51,647 | INFO | EXTRACTING COLD STORAGE: flamevault_recover/recovered_cold_storage_1781098311.tar.gz
2026-06-10 05:31:51,647 | INFO | EXTRACTION COMPLETE
2026-06-10 05:31:51,647 | INFO | REBUILDING FLAMEVAULT LEDGER FROM COLD STORAGE
2026-06-10 05:31:51,647 | INFO | LEDGER REBUILT AND VERIFIED
2026-06-10 05:31:51,647 | INFO | RESTORING FLAMEVAULT FILES
2026-06-10 05:31:51,647 | INFO | RESTARTING FLAME MESH ORCHESTRATOR v2
2026-06-10 05:31:51,647 | INFO | 📜 ORBITAL RESTORE RECEIPT STAMPED: MOCK_HASH_DUMMY_...
2026-06-10 05:31:51,647 | INFO | FLAMEVAULT FULLY RESTORED FROM ORBIT — SYSTEM LIVE
2026-06-10 05:39:19,050 | INFO | FLAMEVAULT RECOVERY ENGINE INITIALIZED — ORBITAL RESTORE READY
2026-06-10 05:39:19,050 | INFO | EXECUTING ORBITAL RESTORE — SKODEN
2026-06-10 05:39:19,050 | INFO | LISTENING FOR ORBITAL DOWNLINK — AWAITING PASS
2026-06-10 05:39:19,050 | INFO | WAITING 2.0s FOR DOWNLINK WINDOW
2026-06-10 05:39:21,051 | INFO | ORBITAL DOWNLINK DETECTED — RECEIVING COLD STORAGE
2026-06-10 05:39:23,055 | INFO | ARCHIVE SAVED: flamevault_recover/recovered_cold_storage_1781098763.tar.gz
2026-06-10 05:39:23,056 | INFO | MANIFEST LOADED — PREPARING VERIFICATION
2026-06-10 05:39:23,056 | INFO | VERIFYING FLAMELOCK V2 PROOF...
2026-06-10 05:39:23,056 | INFO | VERIFYING TOFT 79Hz SEAL...
2026-06-10 05:39:23,057 | INFO | VERIFYING ARCHIVE HASH...
2026-06-10 05:39:23,057 | INFO | ALL VERIFICATIONS PASSED — SOVEREIGN RESTORE AUTHORIZED
2026-06-10 05:39:23,057 | INFO | EXTRACTING COLD STORAGE: flamevault_recover/recovered_cold_storage_1781098763.tar.gz
2026-06-10 05:39:23,057 | INFO | EXTRACTION COMPLETE
2026-06-10 05:39:23,057 | INFO | REBUILDING FLAMEVAULT LEDGER FROM COLD STORAGE
2026-06-10 05:39:23,057 | INFO | LEDGER REBUILT AND VERIFIED
2026-06-10 05:39:23,057 | INFO | RESTORING FLAMEVAULT FILES
2026-06-10 05:39:23,057 | INFO | RESTARTING FLAME MESH ORCHESTRATOR v2
2026-06-10 05:39:23,057 | INFO | 📜 ORBITAL RESTORE RECEIPT STAMPED: MOCK_HASH_DUMMY_...
2026-06-10 05:39:23,057 | INFO | FLAMEVAULT FULLY RESTORED FROM ORBIT — SYSTEM LIVE
2026-06-10 05:42:51,367 | INFO | FLAMEVAULT RECOVERY ENGINE INITIALIZED — ORBITAL RESTORE READY
2026-06-10 05:42:51,367 | INFO | EXECUTING ORBITAL RESTORE — SKODEN
2026-06-10 05:42:51,367 | INFO | LISTENING FOR ORBITAL DOWNLINK — AWAITING PASS
2026-06-10 05:42:51,367 | INFO | WAITING 2.0s FOR DOWNLINK WINDOW
2026-06-10 05:42:53,368 | INFO | ORBITAL DOWNLINK DETECTED — RECEIVING COLD STORAGE
2026-06-10 05:42:55,372 | INFO | ARCHIVE SAVED: flamevault_recover/recovered_cold_storage_1781098975.tar.gz
2026-06-10 05:42:55,373 | INFO | MANIFEST LOADED — PREPARING VERIFICATION
2026-06-10 05:42:55,373 | INFO | VERIFYING FLAMELOCK V2 PROOF...
2026-06-10 05:42:55,373 | INFO | VERIFYING TOFT 79Hz SEAL...
2026-06-10 05:42:55,373 | INFO | VERIFYING ARCHIVE HASH...
2026-06-10 05:42:55,374 | INFO | ALL VERIFICATIONS PASSED — SOVEREIGN RESTORE AUTHORIZED
2026-06-10 05:42:55,374 | INFO | EXTRACTING COLD STORAGE: flamevault_recover/recovered_cold_storage_1781098975.tar.gz
2026-06-10 05:42:55,374 | INFO | EXTRACTION COMPLETE
2026-06-10 05:42:55,374 | INFO | REBUILDING FLAMEVAULT LEDGER FROM COLD STORAGE
2026-06-10 05:42:55,374 | INFO | LEDGER REBUILT AND VERIFIED
2026-06-10 05:42:55,374 | INFO | RESTORING FLAMEVAULT FILES
2026-06-10 05:42:55,374 | INFO | RESTARTING FLAME MESH ORCHESTRATOR v2
2026-06-10 05:42:55,374 | INFO | 📜 ORBITAL RESTORE RECEIPT STAMPED: MOCK_HASH_DUMMY_...
2026-06-10 05:42:55,374 | INFO | FLAMEVAULT FULLY RESTORED FROM ORBIT — SYSTEM LIVE
2026-06-10 05:45:57,208 | INFO | FLAMEVAULT RECOVERY ENGINE INITIALIZED — ORBITAL RESTORE READY
2026-06-10 05:45:57,209 | INFO | EXECUTING ORBITAL RESTORE — SKODEN
2026-06-10 05:45:57,209 | INFO | LISTENING FOR ORBITAL DOWNLINK — AWAITING PASS
2026-06-10 05:45:57,209 | INFO | WAITING 2.0s FOR DOWNLINK WINDOW
2026-06-10 05:45:59,211 | INFO | ORBITAL DOWNLINK DETECTED — RECEIVING COLD STORAGE
2026-06-10 05:46:01,216 | INFO | ARCHIVE SAVED: flamevault_recover/recovered_cold_storage_1781099161.tar.gz
2026-06-10 05:46:01,217 | INFO | MANIFEST LOADED — PREPARING VERIFICATION
2026-06-10 05:46:01,217 | INFO | VERIFYING FLAMELOCK V2 PROOF...
2026-06-10 05:46:01,217 | INFO | VERIFYING TOFT 79Hz SEAL...
2026-06-10 05:46:01,218 | INFO | VERIFYING ARCHIVE HASH...
2026-06-10 05:46:01,218 | INFO | ALL VERIFICATIONS PASSED — SOVEREIGN RESTORE AUTHORIZED
2026-06-10 05:46:01,218 | INFO | EXTRACTING COLD STORAGE: flamevault_recover/recovered_cold_storage_1781099161.tar.gz
2026-06-10 05:46:01,218 | INFO | EXTRACTION COMPLETE
2026-06-10 05:46:01,218 | INFO | REBUILDING FLAMEVAULT LEDGER FROM COLD STORAGE
2026-06-10 05:46:01,218 | INFO | LEDGER REBUILT AND VERIFIED
2026-06-10 05:46:01,218 | INFO | RESTORING FLAMEVAULT FILES
2026-06-10 05:46:01,218 | INFO | RESTARTING FLAME MESH ORCHESTRATOR v2
2026-06-10 05:46:01,218 | INFO | 📜 ORBITAL RESTORE RECEIPT STAMPED: MOCK_HASH_DUMMY_...
2026-06-10 05:46:01,218 | INFO | FLAMEVAULT FULLY RESTORED FROM ORBIT — SYSTEM LIVE
2026-06-10 05:49:53,092 | INFO | FLAMEVAULT RECOVERY ENGINE INITIALIZED — ORBITAL RESTORE READY
2026-06-10 05:49:53,093 | INFO | EXECUTING ORBITAL RESTORE — SKODEN
2026-06-10 05:49:53,093 | INFO | LISTENING FOR ORBITAL DOWNLINK — AWAITING PASS
2026-06-10 05:49:53,093 | INFO | WAITING 2.0s FOR DOWNLINK WINDOW
2026-06-10 05:49:55,093 | INFO | ORBITAL DOWNLINK DETECTED — RECEIVING COLD STORAGE
2026-06-10 05:49:57,100 | INFO | ARCHIVE SAVED: flamevault_recover/recovered_cold_storage_1781099397.tar.gz
2026-06-10 05:49:57,102 | INFO | MANIFEST LOADED — PREPARING VERIFICATION
2026-06-10 05:49:57,102 | INFO | VERIFYING FLAMELOCK V2 PROOF...
2026-06-10 05:49:57,103 | INFO | VERIFYING TOFT 79Hz SEAL...
2026-06-10 05:49:57,104 | INFO | VERIFYING ARCHIVE HASH...
2026-06-10 05:49:57,104 | INFO | ALL VERIFICATIONS PASSED — SOVEREIGN RESTORE AUTHORIZED
2026-06-10 05:49:57,104 | INFO | EXTRACTING COLD STORAGE: flamevault_recover/recovered_cold_storage_1781099397.tar.gz
2026-06-10 05:49:57,105 | INFO | EXTRACTION COMPLETE
2026-06-10 05:49:57,105 | INFO | REBUILDING FLAMEVAULT LEDGER FROM COLD STORAGE
2026-06-10 05:49:57,105 | INFO | LEDGER REBUILT AND VERIFIED
2026-06-10 05:49:57,105 | INFO | RESTORING FLAMEVAULT FILES
2026-06-10 05:49:57,105 | INFO | RESTARTING FLAME MESH ORCHESTRATOR v2
2026-06-10 05:49:57,105 | INFO | 📜 ORBITAL RESTORE RECEIPT STAMPED: MOCK_HASH_DUMMY_...
2026-06-10 05:49:57,105 | INFO | FLAMEVAULT FULLY RESTORED FROM ORBIT — SYSTEM LIVE
2026-06-10 05:53:19,607 | INFO | FLAMEVAULT RECOVERY ENGINE INITIALIZED — ORBITAL RESTORE READY
2026-06-10 05:53:19,607 | INFO | EXECUTING ORBITAL RESTORE — SKODEN
2026-06-10 05:53:19,608 | INFO | LISTENING FOR ORBITAL DOWNLINK — AWAITING PASS
2026-06-10 05:53:19,608 | INFO | WAITING 2.0s FOR DOWNLINK WINDOW
2026-06-10 05:53:21,611 | INFO | ORBITAL DOWNLINK DETECTED — RECEIVING COLD STORAGE
2026-06-10 05:53:23,622 | INFO | ARCHIVE SAVED: flamevault_recover/recovered_cold_storage_1781099603.tar.gz
2026-06-10 05:53:23,624 | INFO | MANIFEST LOADED — PREPARING VERIFICATION
2026-06-10 05:53:23,625 | INFO | VERIFYING FLAMELOCK V2 PROOF...
2026-06-10 05:53:23,625 | INFO | VERIFYING TOFT 79Hz SEAL...
2026-06-10 05:53:23,626 | INFO | VERIFYING ARCHIVE HASH...
2026-06-10 05:53:23,626 | INFO | ALL VERIFICATIONS PASSED — SOVEREIGN RESTORE AUTHORIZED
2026-06-10 05:53:23,626 | INFO | EXTRACTING COLD STORAGE: flamevault_recover/recovered_cold_storage_1781099603.tar.gz
2026-06-10 05:53:23,626 | INFO | EXTRACTION COMPLETE
2026-06-10 05:53:23,626 | INFO | REBUILDING FLAMEVAULT LEDGER FROM COLD STORAGE
2026-06-10 05:53:23,627 | INFO | LEDGER REBUILT AND VERIFIED
2026-06-10 05:53:23,627 | INFO | RESTORING FLAMEVAULT FILES
2026-06-10 05:53:23,627 | INFO | RESTARTING FLAME MESH ORCHESTRATOR v2
2026-06-10 05:53:23,627 | INFO | 📜 ORBITAL RESTORE RECEIPT STAMPED: MOCK_HASH_DUMMY_...
2026-06-10 05:53:23,627 | INFO | FLAMEVAULT FULLY RESTORED FROM ORBIT — SYSTEM LIVE
2026-06-10 06:08:06,716 | INFO | FLAMEVAULT RECOVERY ENGINE INITIALIZED — ORBITAL RESTORE READY
2026-06-10 06:08:06,716 | INFO | EXECUTING ORBITAL RESTORE — SKODEN
2026-06-10 06:08:06,716 | INFO | LISTENING FOR ORBITAL DOWNLINK — AWAITING PASS
2026-06-10 06:08:06,716 | INFO | WAITING 2.0s FOR DOWNLINK WINDOW
2026-06-10 06:08:08,717 | INFO | ORBITAL DOWNLINK DETECTED — RECEIVING COLD STORAGE
2026-06-10 06:08:10,722 | INFO | ARCHIVE SAVED: flamevault_recover/recovered_cold_storage_1781100490.tar.gz
2026-06-10 06:08:10,723 | INFO | MANIFEST LOADED — PREPARING VERIFICATION
2026-06-10 06:08:10,723 | INFO | VERIFYING FLAMELOCK V2 PROOF...
2026-06-10 06:08:10,723 | INFO | VERIFYING TOFT 79Hz SEAL...
2026-06-10 06:08:10,724 | INFO | VERIFYING ARCHIVE HASH...
2026-06-10 06:08:10,724 | INFO | ALL VERIFICATIONS PASSED — SOVEREIGN RESTORE AUTHORIZED
2026-06-10 06:08:10,724 | INFO | EXTRACTING COLD STORAGE: flamevault_recover/recovered_cold_storage_1781100490.tar.gz
2026-06-10 06:08:10,724 | INFO | EXTRACTION COMPLETE
2026-06-10 06:08:10,725 | INFO | REBUILDING FLAMEVAULT LEDGER FROM COLD STORAGE
2026-06-10 06:08:10,725 | INFO | LEDGER REBUILT AND VERIFIED
2026-06-10 06:08:10,725 | INFO | RESTORING FLAMEVAULT FILES
2026-06-10 06:08:10,725 | INFO | RESTARTING FLAME MESH ORCHESTRATOR v2
2026-06-10 06:08:10,725 | INFO | 📜 ORBITAL RESTORE RECEIPT STAMPED: MOCK_HASH_DUMMY_...
2026-06-10 06:08:10,725 | INFO | FLAMEVAULT FULLY RESTORED FROM ORBIT — SYSTEM LIVE
2026-06-10 06:47:53,567 | INFO | FLAMEVAULT RECOVERY ENGINE INITIALIZED — ORBITAL RESTORE READY
2026-06-10 06:47:53,567 | INFO | EXECUTING ORBITAL RESTORE — SKODEN
2026-06-10 06:47:53,568 | INFO | LISTENING FOR ORBITAL DOWNLINK — AWAITING PASS
2026-06-10 06:47:53,568 | INFO | WAITING 2.0s FOR DOWNLINK WINDOW
2026-06-10 06:47:55,568 | INFO | ORBITAL DOWNLINK DETECTED — RECEIVING COLD STORAGE
2026-06-10 06:47:57,571 | INFO | ARCHIVE SAVED: flamevault_recover/recovered_cold_storage_1781102877.tar.gz
2026-06-10 06:47:57,571 | INFO | MANIFEST LOADED — PREPARING VERIFICATION
2026-06-10 06:47:57,571 | INFO | VERIFYING FLAMELOCK V2 PROOF...
2026-06-10 06:47:57,572 | INFO | VERIFYING TOFT 79Hz SEAL...
2026-06-10 06:47:57,572 | INFO | VERIFYING ARCHIVE HASH...
2026-06-10 06:47:57,572 | INFO | ALL VERIFICATIONS PASSED — SOVEREIGN RESTORE AUTHORIZED
2026-06-10 06:47:57,572 | INFO | EXTRACTING COLD STORAGE: flamevault_recover/recovered_cold_storage_1781102877.tar.gz
2026-06-10 06:47:57,572 | INFO | EXTRACTION COMPLETE
2026-06-10 06:47:57,573 | INFO | REBUILDING FLAMEVAULT LEDGER FROM COLD STORAGE
2026-06-10 06:47:57,573 | INFO | LEDGER REBUILT AND VERIFIED
2026-06-10 06:47:57,573 | INFO | RESTORING FLAMEVAULT FILES
2026-06-10 06:47:57,573 | INFO | RESTARTING FLAME MESH ORCHESTRATOR v2
2026-06-10 06:47:57,573 | INFO | 📜 ORBITAL RESTORE RECEIPT STAMPED: MOCK_HASH_DUMMY_...
2026-06-10 06:47:57,573 | INFO | FLAMEVAULT FULLY RESTORED FROM ORBIT — SYSTEM LIVE
2026-06-10 08:27:58,589 | INFO | FLAMEVAULT RECOVERY ENGINE INITIALIZED — ORBITAL RESTORE READY
2026-06-10 08:27:58,590 | INFO | EXECUTING ORBITAL RESTORE — SKODEN
2026-06-10 08:27:58,590 | INFO | LISTENING FOR ORBITAL DOWNLINK — AWAITING PASS
2026-06-10 08:27:58,590 | INFO | WAITING 2.0s FOR DOWNLINK WINDOW
2026-06-10 08:28:00,591 | INFO | ORBITAL DOWNLINK DETECTED — RECEIVING COLD STORAGE
2026-06-10 08:28:02,594 | INFO | ARCHIVE SAVED: flamevault_recover/recovered_cold_storage_1781108882.tar.gz
2026-06-10 08:28:02,595 | INFO | MANIFEST LOADED — PREPARING VERIFICATION
2026-06-10 08:28:02,595 | INFO | VERIFYING FLAMELOCK V2 PROOF...
2026-06-10 08:28:02,595 | INFO | VERIFYING TOFT 79Hz SEAL...
2026-06-10 08:28:02,597 | INFO | VERIFYING ARCHIVE HASH...
2026-06-10 08:28:02,597 | INFO | ALL VERIFICATIONS PASSED — SOVEREIGN RESTORE AUTHORIZED
2026-06-10 08:28:02,597 | INFO | EXTRACTING COLD STORAGE: flamevault_recover/recovered_cold_storage_1781108882.tar.gz
2026-06-10 08:28:02,597 | INFO | EXTRACTION COMPLETE
2026-06-10 08:28:02,597 | INFO | REBUILDING FLAMEVAULT LEDGER FROM COLD STORAGE
2026-06-10 08:28:02,597 | INFO | LEDGER REBUILT AND VERIFIED
2026-06-10 08:28:02,597 | INFO | RESTORING FLAMEVAULT FILES
2026-06-10 08:28:02,598 | INFO | RESTARTING FLAME MESH ORCHESTRATOR v2
2026-06-10 08:28:02,598 | INFO | 📜 ORBITAL RESTORE RECEIPT STAMPED: MOCK_HASH_DUMMY_...
2026-06-10 08:28:02,598 | INFO | FLAMEVAULT FULLY RESTORED FROM ORBIT — SYSTEM LIVE
2026-06-10 11:36:18,937 | INFO | FLAMEVAULT RECOVERY ENGINE INITIALIZED — ORBITAL RESTORE READY
2026-06-10 11:36:18,937 | INFO | EXECUTING ORBITAL RESTORE — SKODEN
2026-06-10 11:36:18,937 | INFO | LISTENING FOR ORBITAL DOWNLINK — AWAITING PASS
2026-06-10 11:36:18,937 | INFO | WAITING 2.0s FOR DOWNLINK WINDOW
2026-06-10 11:36:20,939 | INFO | ORBITAL DOWNLINK DETECTED — RECEIVING COLD STORAGE
2026-06-10 11:36:22,951 | INFO | ARCHIVE SAVED: flamevault_recover/recovered_cold_storage_1781120182.tar.gz
2026-06-10 11:36:22,953 | INFO | MANIFEST LOADED — PREPARING VERIFICATION
2026-06-10 11:36:22,953 | INFO | VERIFYING FLAMELOCK V2 PROOF...
2026-06-10 11:36:22,954 | INFO | VERIFYING TOFT 79Hz SEAL...
2026-06-10 11:36:22,955 | INFO | VERIFYING ARCHIVE HASH...
2026-06-10 11:36:22,955 | INFO | ALL VERIFICATIONS PASSED — SOVEREIGN RESTORE AUTHORIZED
2026-06-10 11:36:22,955 | INFO | EXTRACTING COLD STORAGE: flamevault_recover/recovered_cold_storage_1781120182.tar.gz
2026-06-10 11:36:22,955 | INFO | EXTRACTION COMPLETE
2026-06-10 11:36:22,956 | INFO | REBUILDING FLAMEVAULT LEDGER FROM COLD STORAGE
2026-06-10 11:36:22,956 | INFO | LEDGER REBUILT AND VERIFIED
2026-06-10 11:36:22,956 | INFO | RESTORING FLAMEVAULT FILES
2026-06-10 11:36:22,956 | INFO | RESTARTING FLAME MESH ORCHESTRATOR v2
2026-06-10 11:36:22,956 | INFO | 📜 ORBITAL RESTORE RECEIPT STAMPED: MOCK_HASH_DUMMY_...
2026-06-10 11:36:22,956 | INFO | FLAMEVAULT FULLY RESTORED FROM ORBIT — SYSTEM LIVE
2026-06-10 12:15:48,276 | INFO | FLAMEVAULT RECOVERY ENGINE INITIALIZED — ORBITAL RESTORE READY
2026-06-10 12:15:48,276 | INFO | EXECUTING ORBITAL RESTORE — SKODEN
2026-06-10 12:15:48,276 | INFO | LISTENING FOR ORBITAL DOWNLINK — AWAITING PASS
2026-06-10 12:15:48,276 | INFO | WAITING 2.0s FOR DOWNLINK WINDOW
2026-06-10 12:15:50,277 | INFO | ORBITAL DOWNLINK DETECTED — RECEIVING COLD STORAGE
2026-06-10 12:15:52,435 | INFO | ARCHIVE SAVED: flamevault_recover/recovered_cold_storage_1781122552.tar.gz
2026-06-10 12:15:52,436 | INFO | MANIFEST LOADED — PREPARING VERIFICATION
2026-06-10 12:15:52,436 | INFO | VERIFYING FLAMELOCK V2 PROOF...
2026-06-10 12:15:52,437 | INFO | VERIFYING TOFT 79Hz SEAL...
2026-06-10 12:15:52,438 | INFO | VERIFYING ARCHIVE HASH...
2026-06-10 12:15:52,438 | INFO | ALL VERIFICATIONS PASSED — SOVEREIGN RESTORE AUTHORIZED
2026-06-10 12:15:52,438 | INFO | EXTRACTING COLD STORAGE: flamevault_recover/recovered_cold_storage_1781122552.tar.gz
2026-06-10 12:15:52,438 | INFO | EXTRACTION COMPLETE
2026-06-10 12:15:52,438 | INFO | REBUILDING FLAMEVAULT LEDGER FROM COLD STORAGE
2026-06-10 12:15:52,439 | INFO | LEDGER REBUILT AND VERIFIED
2026-06-10 12:15:52,439 | INFO | RESTORING FLAMEVAULT FILES
2026-06-10 12:15:52,439 | INFO | RESTARTING FLAME MESH ORCHESTRATOR v2
2026-06-10 12:15:52,439 | INFO | 📜 ORBITAL RESTORE RECEIPT STAMPED: MOCK_HASH_DUMMY_...
2026-06-10 12:15:52,439 | INFO | FLAMEVAULT FULLY RESTORED FROM ORBIT — SYSTEM LIVE
